         T |  Vi |         1         2         3         4         5         6         7         8
--------------------------------------------------------------------------------------------------
{12345678} |   - |     [3,~]    *[0,2]     [1,~]     [~,~]     [7,~]     [~,~]     [~,~]     [~,~]
{1345678}  |   2 |     [3,2]         -    *[1,2]     [5,3]     [7,2]     [2,3]     [~,2]     [~,2]
{145678}   |   3 |     [3,2]         -         -     [5,3]     [4,6]    *[2,3]     [6,6]     [8,6]
{14578}    |   6 |    *[3,2]         -         -     [4,1]     [4,6]         -     [6,6]     [8,6]
{4578}     |   1 |         -         -         -    *[4,1]     [4,6]         -     [6,6]     [8,6]
{578}      |   4 |         -         -         -         -    *[4,6]         -     [6,6]     [7,5]
{78}       |   5 |         -         -         -         -         -         -    *[6,6]     [7,5]
{8}        |   7 |         -         -         -         -         -         -         -    *[7,5]

Do dai ngan nhat cua duong di tu 2 den 1 la 3
2 --> 1

Do dai ngan nhat cua duong di tu 2 den 3 la 1
2 --> 3

Do dai ngan nhat cua duong di tu 2 den 4 la 4
2 --> 1 --> 4

Do dai ngan nhat cua duong di tu 2 den 5 la 4
2 --> 3 --> 6 --> 5

Do dai ngan nhat cua duong di tu 2 den 6 la 2
2 --> 3 --> 6

Do dai ngan nhat cua duong di tu 2 den 7 la 6
2 --> 3 --> 6 --> 7

Do dai ngan nhat cua duong di tu 2 den 8 la 7
2 --> 3 --> 6 --> 5 --> 8
